# JRE version: Java(TM) SE Runtime Environment (8.0_101-b13) (build 1.8.0_101-b13)
# Java VM: Java HotSpot(TM) 64-Bit Server VM (25.101-b13 mixed mode linux-amd64 compressed oops)
Heap:
 PSYoungGen      total 76800K, used 40620K [0x0000000781d80000, 0x0000000787200000, 0x00000007c0000000)
  eden space 69120K, 47% used [0x0000000781d80000,0x0000000783db1710,0x0000000786100000)
  from space 7680K, 99% used [0x0000000786a80000,0x00000007871f9b80,0x0000000787200000)
  to   space 7680K, 0% used [0x0000000786300000,0x0000000786300000,0x0000000786a80000)
 ParOldGen       total 83456K, used 10186K [0x0000000705800000, 0x000000070a980000, 0x0000000781d80000)
  object space 83456K, 12% used [0x0000000705800000,0x00000007061f2978,0x000000070a980000)
 Metaspace       used 32422K, capacity 32788K, committed 33152K, reserved 1079296K
  class space    used 3786K, capacity 3874K, committed 3968K, reserved 1048576K
GC Heap History (10 events):
Event: 1.807 GC heap before
{Heap before GC invocations=1 (full 0):
 PSYoungGen      total 56320K, used 48640K [0x0000000781d80000, 0x0000000785c00000, 0x00000007c0000000)
  eden space 48640K, 100% used [0x0000000781d80000,0x0000000784d00000,0x0000000784d00000)
  from space 7680K, 0% used [0x0000000785480000,0x0000000785480000,0x0000000785c00000)
  to   space 7680K, 0% used [0x0000000784d00000,0x0000000784d00000,0x0000000785480000)
 ParOldGen       total 128512K, used 0K [0x0000000705800000, 0x000000070d580000, 0x0000000781d80000)
  object space 128512K, 0% used [0x0000000705800000,0x0000000705800000,0x000000070d580000)
 Metaspace       used 19459K, capacity 19620K, committed 19840K, reserved 1067008K
  class space    used 2261K, capacity 2334K, committed 2432K, reserved 1048576K
Event: 1.819 GC heap after
Heap after GC invocations=1 (full 0):
 PSYoungGen      total 56320K, used 7678K [0x0000000781d80000, 0x0000000785c00000, 0x00000007c0000000)
  eden space 48640K, 0% used [0x0000000781d80000,0x0000000781d80000,0x0000000784d00000)
  from space 7680K, 99% used [0x0000000784d00000,0x000000078547fa10,0x0000000785480000)
  to   space 7680K, 0% used [0x0000000785480000,0x0000000785480000,0x0000000785c00000)
 ParOldGen       total 128512K, used 3738K [0x0000000705800000, 0x000000070d580000, 0x0000000781d80000)
  object space 128512K, 2% used [0x0000000705800000,0x0000000705ba6ba0,0x000000070d580000)
 Metaspace       used 19459K, capacity 19620K, committed 19840K, reserved 1067008K
  class space    used 2261K, capacity 2334K, committed 2432K, reserved 1048576K
}
Event: 2.118 GC heap before
{Heap before GC invocations=2 (full 0):
 PSYoungGen      total 56320K, used 21862K [0x0000000781d80000, 0x0000000785c00000, 0x00000007c0000000)
  eden space 48640K, 29% used [0x0000000781d80000,0x0000000782b59f88,0x0000000784d00000)
  from space 7680K, 99% used [0x0000000784d00000,0x000000078547fa10,0x0000000785480000)
  to   space 7680K, 0% used [0x0000000785480000,0x0000000785480000,0x0000000785c00000)
 ParOldGen       total 128512K, used 3738K [0x0000000705800000, 0x000000070d580000, 0x0000000781d80000)
  object space 128512K, 2% used [0x0000000705800000,0x0000000705ba6ba0,0x000000070d580000)
 Metaspace       used 20963K, capacity 21124K, committed 21248K, reserved 1069056K
  class space    used 2475K, capacity 2558K, committed 2560K, reserved 1048576K
Event: 2.125 GC heap after
Heap after GC invocations=2 (full 0):
 PSYoungGen      total 56320K, used 5083K [0x0000000781d80000, 0x0000000788b80000, 0x00000007c0000000)
  eden space 48640K, 0% used [0x0000000781d80000,0x0000000781d80000,0x0000000784d00000)
  from space 7680K, 66% used [0x0000000785480000,0x0000000785976e40,0x0000000785c00000)
  to   space 7680K, 0% used [0x0000000784d00000,0x0000000784d00000,0x0000000785480000)
 ParOldGen       total 128512K, used 3746K [0x0000000705800000, 0x000000070d580000, 0x0000000781d80000)
  object space 128512K, 2% used [0x0000000705800000,0x0000000705ba8ba0,0x000000070d580000)
 Metaspace       used 20963K, capacity 21124K, committed 21248K, reserved 1069056K
  class space    used 2475K, capacity 2558K, committed 2560K, reserved 1048576K
}
Event: 2.125 GC heap before
{Heap before GC invocations=3 (full 1):
 PSYoungGen      total 56320K, used 5083K [0x0000000781d80000, 0x0000000788b80000, 0x00000007c0000000)
  eden space 48640K, 0% used [0x0000000781d80000,0x0000000781d80000,0x0000000784d00000)
  from space 7680K, 66% used [0x0000000785480000,0x0000000785976e40,0x0000000785c00000)
  to   space 7680K, 0% used [0x0000000784d00000,0x0000000784d00000,0x0000000785480000)
 ParOldGen       total 128512K, used 3746K [0x0000000705800000, 0x000000070d580000, 0x0000000781d80000)
  object space 128512K, 2% used [0x0000000705800000,0x0000000705ba8ba0,0x000000070d580000)
 Metaspace       used 20963K, capacity 21124K, committed 21248K, reserved 1069056K
  class space    used 2475K, capacity 2558K, committed 2560K, reserved 1048576K
Event: 2.158 GC heap after
Heap after GC invocations=3 (full 1):
 PSYoungGen      total 56320K, used 0K [0x0000000781d80000, 0x0000000788b80000, 0x00000007c0000000)
  eden space 48640K, 0% used [0x0000000781d80000,0x0000000781d80000,0x0000000784d00000)
  from space 7680K, 0% used [0x0000000785480000,0x0000000785480000,0x0000000785c00000)
  to   space 7680K, 0% used [0x0000000784d00000,0x0000000784d00000,0x0000000785480000)
 ParOldGen       total 83456K, used 5425K [0x0000000705800000, 0x000000070a980000, 0x0000000781d80000)
  object space 83456K, 6% used [0x0000000705800000,0x0000000705d4c498,0x000000070a980000)
 Metaspace       used 20963K, capacity 21124K, committed 21248K, reserved 1069056K
  class space    used 2475K, capacity 2558K, committed 2560K, reserved 1048576K
}
Event: 2.838 GC heap before
{Heap before GC invocations=4 (full 1):
 PSYoungGen      total 56320K, used 48640K [0x0000000781d80000, 0x0000000788b80000, 0x00000007c0000000)
  eden space 48640K, 100% used [0x0000000781d80000,0x0000000784d00000,0x0000000784d00000)
  from space 7680K, 0% used [0x0000000785480000,0x0000000785480000,0x0000000785c00000)
  to   space 7680K, 0% used [0x0000000784d00000,0x0000000784d00000,0x0000000785480000)
 ParOldGen       total 83456K, used 5425K [0x0000000705800000, 0x000000070a980000, 0x0000000781d80000)
  object space 83456K, 6% used [0x0000000705800000,0x0000000705d4c498,0x000000070a980000)
 Metaspace       used 23577K, capacity 23778K, committed 24192K, reserved 1071104K
  class space    used 2738K, capacity 2819K, committed 2944K, reserved 1048576K
Event: 2.844 GC heap after
Heap after GC invocations=4 (full 1):
 PSYoungGen      total 56320K, used 4875K [0x0000000781d80000, 0x0000000787200000, 0x00000007c0000000)
  eden space 48640K, 0% used [0x0000000781d80000,0x0000000781d80000,0x0000000784d00000)
  from space 7680K, 63% used [0x0000000784d00000,0x00000007851c2eb0,0x0000000785480000)
  to   space 7680K, 0% used [0x0000000786a80000,0x0000000786a80000,0x0000000787200000)
 ParOldGen       total 83456K, used 5433K [0x0000000705800000, 0x000000070a980000, 0x0000000781d80000)
  object space 83456K, 6% used [0x0000000705800000,0x0000000705d4e498,0x000000070a980000)
 Metaspace       used 23577K, capacity 23778K, committed 24192K, reserved 1071104K
  class space    used 2738K, capacity 2819K, committed 2944K, reserved 1048576K
}
Event: 5.731 GC heap before
{Heap before GC invocations=5 (full 1):
 PSYoungGen      total 56320K, used 53515K [0x0000000781d80000, 0x0000000787200000, 0x00000007c0000000)
  eden space 48640K, 100% used [0x0000000781d80000,0x0000000784d00000,0x0000000784d00000)
  from space 7680K, 63% used [0x0000000784d00000,0x00000007851c2eb0,0x0000000785480000)
  to   space 7680K, 0% used [0x0000000786a80000,0x0000000786a80000,0x0000000787200000)
 ParOldGen       total 83456K, used 5433K [0x0000000705800000, 0x000000070a980000, 0x0000000781d80000)
  object space 83456K, 6% used [0x0000000705800000,0x0000000705d4e498,0x000000070a980000)
 Metaspace       used 28826K, capacity 29116K, committed 29312K, reserved 1075200K
  class space    used 3370K, capacity 3454K, committed 3456K, reserved 1048576K
Event: 5.746 GC heap after
Heap after GC invocations=5 (full 1):
 PSYoungGen      total 76800K, used 7654K [0x0000000781d80000, 0x0000000787200000, 0x00000007c0000000)
  eden space 69120K, 0% used [0x0000000781d80000,0x0000000781d80000,0x0000000786100000)
  from space 7680K, 99% used [0x0000000786a80000,0x00000007871f9b80,0x0000000787200000)
  to   space 7680K, 0% used [0x0000000786300000,0x0000000786300000,0x0000000786a80000)
 ParOldGen       total 83456K, used 10186K [0x0000000705800000, 0x000000070a980000, 0x0000000781d80000)
  object space 83456K, 12% used [0x0000000705800000,0x00000007061f2978,0x000000070a980000)
 Metaspace       used 28826K, capacity 29116K, committed 29312K, reserved 1075200K
  class space    used 3370K, capacity 3454K, committed 3456K, reserved 1048576K
}

