# JRE version: Java(TM) SE Runtime Environment (8.0_101-b13) (build 1.8.0_101-b13)
# Java VM: Java HotSpot(TM) 64-Bit Server VM (25.101-b13 mixed mode linux-amd64 compressed oops)
Heap:
 PSYoungGen      total 76800K, used 35592K [0x0000000781d80000, 0x0000000787380000, 0x00000007c0000000)
  eden space 69120K, 40% used [0x0000000781d80000,0x00000007838c2938,0x0000000786100000)
  from space 7680K, 99% used [0x0000000786c00000,0x000000078737f750,0x0000000787380000)
  to   space 7680K, 0% used [0x0000000786480000,0x0000000786480000,0x0000000786c00000)
 ParOldGen       total 81920K, used 9205K [0x0000000705800000, 0x000000070a800000, 0x0000000781d80000)
  object space 81920K, 11% used [0x0000000705800000,0x00000007060fd608,0x000000070a800000)
 Metaspace       used 28180K, capacity 28476K, committed 28800K, reserved 1075200K
  class space    used 3300K, capacity 3390K, committed 3456K, reserved 1048576K
GC Heap History (10 events):
Event: 1.814 GC heap before
{Heap before GC invocations=1 (full 0):
 PSYoungGen      total 56320K, used 48640K [0x0000000781d80000, 0x0000000785c00000, 0x00000007c0000000)
  eden space 48640K, 100% used [0x0000000781d80000,0x0000000784d00000,0x0000000784d00000)
  from space 7680K, 0% used [0x0000000785480000,0x0000000785480000,0x0000000785c00000)
  to   space 7680K, 0% used [0x0000000784d00000,0x0000000784d00000,0x0000000785480000)
 ParOldGen       total 128512K, used 0K [0x0000000705800000, 0x000000070d580000, 0x0000000781d80000)
  object space 128512K, 0% used [0x0000000705800000,0x0000000705800000,0x000000070d580000)
 Metaspace       used 19598K, capacity 19780K, committed 20096K, reserved 1067008K
  class space    used 2285K, capacity 2366K, committed 2432K, reserved 1048576K
Event: 1.827 GC heap after
Heap after GC invocations=1 (full 0):
 PSYoungGen      total 56320K, used 7676K [0x0000000781d80000, 0x0000000785c00000, 0x00000007c0000000)
  eden space 48640K, 0% used [0x0000000781d80000,0x0000000781d80000,0x0000000784d00000)
  from space 7680K, 99% used [0x0000000784d00000,0x000000078547f388,0x0000000785480000)
  to   space 7680K, 0% used [0x0000000785480000,0x0000000785480000,0x0000000785c00000)
 ParOldGen       total 128512K, used 3740K [0x0000000705800000, 0x000000070d580000, 0x0000000781d80000)
  object space 128512K, 2% used [0x0000000705800000,0x0000000705ba70b0,0x000000070d580000)
 Metaspace       used 19598K, capacity 19780K, committed 20096K, reserved 1067008K
  class space    used 2285K, capacity 2366K, committed 2432K, reserved 1048576K
}
Event: 2.102 GC heap before
{Heap before GC invocations=2 (full 0):
 PSYoungGen      total 56320K, used 20096K [0x0000000781d80000, 0x0000000785c00000, 0x00000007c0000000)
  eden space 48640K, 25% used [0x0000000781d80000,0x00000007829a0f68,0x0000000784d00000)
  from space 7680K, 99% used [0x0000000784d00000,0x000000078547f388,0x0000000785480000)
  to   space 7680K, 0% used [0x0000000785480000,0x0000000785480000,0x0000000785c00000)
 ParOldGen       total 128512K, used 3740K [0x0000000705800000, 0x000000070d580000, 0x0000000781d80000)
  object space 128512K, 2% used [0x0000000705800000,0x0000000705ba70b0,0x000000070d580000)
 Metaspace       used 20962K, capacity 21124K, committed 21248K, reserved 1069056K
  class space    used 2475K, capacity 2558K, committed 2560K, reserved 1048576K
Event: 2.110 GC heap after
Heap after GC invocations=2 (full 0):
 PSYoungGen      total 56320K, used 5004K [0x0000000781d80000, 0x0000000788b80000, 0x00000007c0000000)
  eden space 48640K, 0% used [0x0000000781d80000,0x0000000781d80000,0x0000000784d00000)
  from space 7680K, 65% used [0x0000000785480000,0x00000007859633c0,0x0000000785c00000)
  to   space 7680K, 0% used [0x0000000784d00000,0x0000000784d00000,0x0000000785480000)
 ParOldGen       total 128512K, used 3748K [0x0000000705800000, 0x000000070d580000, 0x0000000781d80000)
  object space 128512K, 2% used [0x0000000705800000,0x0000000705ba90b0,0x000000070d580000)
 Metaspace       used 20962K, capacity 21124K, committed 21248K, reserved 1069056K
  class space    used 2475K, capacity 2558K, committed 2560K, reserved 1048576K
}
Event: 2.110 GC heap before
{Heap before GC invocations=3 (full 1):
 PSYoungGen      total 56320K, used 5004K [0x0000000781d80000, 0x0000000788b80000, 0x00000007c0000000)
  eden space 48640K, 0% used [0x0000000781d80000,0x0000000781d80000,0x0000000784d00000)
  from space 7680K, 65% used [0x0000000785480000,0x00000007859633c0,0x0000000785c00000)
  to   space 7680K, 0% used [0x0000000784d00000,0x0000000784d00000,0x0000000785480000)
 ParOldGen       total 128512K, used 3748K [0x0000000705800000, 0x000000070d580000, 0x0000000781d80000)
  object space 128512K, 2% used [0x0000000705800000,0x0000000705ba90b0,0x000000070d580000)
 Metaspace       used 20962K, capacity 21124K, committed 21248K, reserved 1069056K
  class space    used 2475K, capacity 2558K, committed 2560K, reserved 1048576K
Event: 2.141 GC heap after
Heap after GC invocations=3 (full 1):
 PSYoungGen      total 56320K, used 0K [0x0000000781d80000, 0x0000000788b80000, 0x00000007c0000000)
  eden space 48640K, 0% used [0x0000000781d80000,0x0000000781d80000,0x0000000784d00000)
  from space 7680K, 0% used [0x0000000785480000,0x0000000785480000,0x0000000785c00000)
  to   space 7680K, 0% used [0x0000000784d00000,0x0000000784d00000,0x0000000785480000)
 ParOldGen       total 81920K, used 5351K [0x0000000705800000, 0x000000070a800000, 0x0000000781d80000)
  object space 81920K, 6% used [0x0000000705800000,0x0000000705d39c18,0x000000070a800000)
 Metaspace       used 20962K, capacity 21124K, committed 21248K, reserved 1069056K
  class space    used 2475K, capacity 2558K, committed 2560K, reserved 1048576K
}
Event: 2.766 GC heap before
{Heap before GC invocations=4 (full 1):
 PSYoungGen      total 56320K, used 48640K [0x0000000781d80000, 0x0000000788b80000, 0x00000007c0000000)
  eden space 48640K, 100% used [0x0000000781d80000,0x0000000784d00000,0x0000000784d00000)
  from space 7680K, 0% used [0x0000000785480000,0x0000000785480000,0x0000000785c00000)
  to   space 7680K, 0% used [0x0000000784d00000,0x0000000784d00000,0x0000000785480000)
 ParOldGen       total 81920K, used 5351K [0x0000000705800000, 0x000000070a800000, 0x0000000781d80000)
  object space 81920K, 6% used [0x0000000705800000,0x0000000705d39c18,0x000000070a800000)
 Metaspace       used 22979K, capacity 23170K, committed 23552K, reserved 1071104K
  class space    used 2651K, capacity 2723K, committed 2816K, reserved 1048576K
Event: 2.771 GC heap after
Heap after GC invocations=4 (full 1):
 PSYoungGen      total 56320K, used 4372K [0x0000000781d80000, 0x0000000787380000, 0x00000007c0000000)
  eden space 48640K, 0% used [0x0000000781d80000,0x0000000781d80000,0x0000000784d00000)
  from space 7680K, 56% used [0x0000000784d00000,0x0000000785145130,0x0000000785480000)
  to   space 7680K, 0% used [0x0000000786c00000,0x0000000786c00000,0x0000000787380000)
 ParOldGen       total 81920K, used 5359K [0x0000000705800000, 0x000000070a800000, 0x0000000781d80000)
  object space 81920K, 6% used [0x0000000705800000,0x0000000705d3bc18,0x000000070a800000)
 Metaspace       used 22979K, capacity 23170K, committed 23552K, reserved 1071104K
  class space    used 2651K, capacity 2723K, committed 2816K, reserved 1048576K
}
Event: 20.334 GC heap before
{Heap before GC invocations=5 (full 1):
 PSYoungGen      total 56320K, used 53012K [0x0000000781d80000, 0x0000000787380000, 0x00000007c0000000)
  eden space 48640K, 100% used [0x0000000781d80000,0x0000000784d00000,0x0000000784d00000)
  from space 7680K, 56% used [0x0000000784d00000,0x0000000785145130,0x0000000785480000)
  to   space 7680K, 0% used [0x0000000786c00000,0x0000000786c00000,0x0000000787380000)
 ParOldGen       total 81920K, used 5359K [0x0000000705800000, 0x000000070a800000, 0x0000000781d80000)
  object space 81920K, 6% used [0x0000000705800000,0x0000000705d3bc18,0x000000070a800000)
 Metaspace       used 27445K, capacity 27740K, committed 27904K, reserved 1073152K
  class space    used 3210K, capacity 3294K, committed 3328K, reserved 1048576K
Event: 20.345 GC heap after
Heap after GC invocations=5 (full 1):
 PSYoungGen      total 76800K, used 7677K [0x0000000781d80000, 0x0000000787380000, 0x00000007c0000000)
  eden space 69120K, 0% used [0x0000000781d80000,0x0000000781d80000,0x0000000786100000)
  from space 7680K, 99% used [0x0000000786c00000,0x000000078737f750,0x0000000787380000)
  to   space 7680K, 0% used [0x0000000786480000,0x0000000786480000,0x0000000786c00000)
 ParOldGen       total 81920K, used 9205K [0x0000000705800000, 0x000000070a800000, 0x0000000781d80000)
  object space 81920K, 11% used [0x0000000705800000,0x00000007060fd608,0x000000070a800000)
 Metaspace       used 27445K, capacity 27740K, committed 27904K, reserved 1073152K
  class space    used 3210K, capacity 3294K, committed 3328K, reserved 1048576K
}

